d:\work\大三下\.net\期末\proj\geolibcppcli\geolibcppcli\x64\debug\geolibcppcli.pch
d:\work\大三下\.net\期末\proj\geolibcppcli\geolibcppcli\x64\debug\vc143.pdb
d:\work\大三下\.net\期末\proj\geolibcppcli\geolibcppcli\x64\debug\pch.obj
d:\work\大三下\.net\期末\proj\geolibcppcli\geolibcppcli\x64\debug\geolibcppcli.obj
d:\work\大三下\.net\期末\proj\geolibcppcli\geolibcppcli\x64\debug\geocalculator.obj
d:\work\大三下\.net\期末\proj\geolibcppcli\geolibcppcli\x64\debug\assemblyinfo.obj
d:\work\大三下\.net\期末\proj\geolibcppcli\geolibcppcli\x64\debug\.netcoreapp,version=v6.0.assemblyattributes.obj
d:\work\大三下\.net\期末\proj\geolibcppcli\x64\debug\geolibcppcli.dll
d:\work\大三下\.net\期末\proj\geolibcppcli\x64\debug\geolibcppcli.pdb
d:\work\大三下\.net\期末\proj\geolibcppcli\geolibcppcli\x64\debug\app.res
d:\work\大三下\.net\期末\proj\geolibcppcli\geolibcppcli\x64\debug\geolibcppcli.assets.cache
d:\work\大三下\.net\期末\proj\geolibcppcli\geolibcppcli\x64\debug\geolibcppcli.tlog\cl.command.1.tlog
d:\work\大三下\.net\期末\proj\geolibcppcli\geolibcppcli\x64\debug\geolibcppcli.tlog\cl.items.tlog
d:\work\大三下\.net\期末\proj\geolibcppcli\geolibcppcli\x64\debug\geolibcppcli.tlog\cl.read.1.tlog
d:\work\大三下\.net\期末\proj\geolibcppcli\geolibcppcli\x64\debug\geolibcppcli.tlog\cl.write.1.tlog
d:\work\大三下\.net\期末\proj\geolibcppcli\geolibcppcli\x64\debug\geolibcppcli.tlog\link.command.1.tlog
d:\work\大三下\.net\期末\proj\geolibcppcli\geolibcppcli\x64\debug\geolibcppcli.tlog\link.read.1.tlog
d:\work\大三下\.net\期末\proj\geolibcppcli\geolibcppcli\x64\debug\geolibcppcli.tlog\link.write.1.tlog
d:\work\大三下\.net\期末\proj\geolibcppcli\geolibcppcli\x64\debug\geolibcppcli.tlog\rc.command.1.tlog
d:\work\大三下\.net\期末\proj\geolibcppcli\geolibcppcli\x64\debug\geolibcppcli.tlog\rc.read.1.tlog
d:\work\大三下\.net\期末\proj\geolibcppcli\geolibcppcli\x64\debug\geolibcppcli.tlog\rc.write.1.tlog
